  [1m[36m (60.3ms)[0m  [1mCREATE TABLE "schema_migrations" ("version" character varying NOT NULL) [0m
  [1m[35m (4.1ms)[0m  CREATE UNIQUE INDEX  "unique_schema_migrations" ON "schema_migrations"  ("version")
  [1m[36mActiveRecord::SchemaMigration Load (0.9ms)[0m  [1mSELECT "schema_migrations".* FROM "schema_migrations"[0m
Migrating to CreatePorcelains (20160904194713)
  [1m[35m (0.2ms)[0m  BEGIN
  [1m[36m (40.1ms)[0m  [1mCREATE TABLE "porcelains" ("id" serial primary key, "design" character varying, "foot_ring" character varying, "foot_bottom" character varying, "shape" character varying, "mouth" character varying, "glaze" character varying, "p_style" character varying, "created_at" timestamp NOT NULL, "updated_at" timestamp NOT NULL) [0m
  [1m[35mSQL (11.5ms)[0m  INSERT INTO "schema_migrations" ("version") VALUES ($1)  [["version", "20160904194713"]]
  [1m[36m (6.6ms)[0m  [1mCOMMIT[0m
  [1m[35mActiveRecord::SchemaMigration Load (0.3ms)[0m  SELECT "schema_migrations".* FROM "schema_migrations"
  [1m[36m (12.6ms)[0m  [1mSELECT t2.oid::regclass::text AS to_table, a1.attname AS column, a2.attname AS primary_key, c.conname AS name, c.confupdtype AS on_update, c.confdeltype AS on_delete
FROM pg_constraint c
JOIN pg_class t1 ON c.conrelid = t1.oid
JOIN pg_class t2 ON c.confrelid = t2.oid
JOIN pg_attribute a1 ON a1.attnum = c.conkey[1] AND a1.attrelid = t1.oid
JOIN pg_attribute a2 ON a2.attnum = c.confkey[1] AND a2.attrelid = t2.oid
JOIN pg_namespace t3 ON c.connamespace = t3.oid
WHERE c.contype = 'f'
  AND t1.relname = 'porcelains'
  AND t3.nspname = ANY (current_schemas(false))
ORDER BY c.conname
[0m
  [1m[36m (0.2ms)[0m  [1mBEGIN[0m
  [1m[35mSQL (24.0ms)[0m  INSERT INTO "porcelains" ("design", "created_at", "updated_at") VALUES ($1, $2, $3) RETURNING "id"  [["design", "Blue White Background"], ["created_at", "2016-09-04 19:49:58.026049"], ["updated_at", "2016-09-04 19:49:58.026049"]]
  [1m[36m (0.6ms)[0m  [1mCOMMIT[0m
  [1m[36mActiveRecord::SchemaMigration Load (0.4ms)[0m  [1mSELECT "schema_migrations".* FROM "schema_migrations"[0m
Migrating to CreateEmperors (20160904195719)
  [1m[35m (0.2ms)[0m  BEGIN
  [1m[36m (28.9ms)[0m  [1mCREATE TABLE "emperors" ("id" serial primary key, "name" character varying, "dynasty" character varying, "year" character varying, "created_at" timestamp NOT NULL, "updated_at" timestamp NOT NULL) [0m
  [1m[35mSQL (6.4ms)[0m  INSERT INTO "schema_migrations" ("version") VALUES ($1)  [["version", "20160904195719"]]
  [1m[36m (17.5ms)[0m  [1mCOMMIT[0m
  [1m[35mActiveRecord::SchemaMigration Load (0.5ms)[0m  SELECT "schema_migrations".* FROM "schema_migrations"
  [1m[36m (2.9ms)[0m  [1mSELECT t2.oid::regclass::text AS to_table, a1.attname AS column, a2.attname AS primary_key, c.conname AS name, c.confupdtype AS on_update, c.confdeltype AS on_delete
FROM pg_constraint c
JOIN pg_class t1 ON c.conrelid = t1.oid
JOIN pg_class t2 ON c.confrelid = t2.oid
JOIN pg_attribute a1 ON a1.attnum = c.conkey[1] AND a1.attrelid = t1.oid
JOIN pg_attribute a2 ON a2.attnum = c.confkey[1] AND a2.attrelid = t2.oid
JOIN pg_namespace t3 ON c.connamespace = t3.oid
WHERE c.contype = 'f'
  AND t1.relname = 'emperors'
  AND t3.nspname = ANY (current_schemas(false))
ORDER BY c.conname
[0m
  [1m[35m (2.0ms)[0m  SELECT t2.oid::regclass::text AS to_table, a1.attname AS column, a2.attname AS primary_key, c.conname AS name, c.confupdtype AS on_update, c.confdeltype AS on_delete
FROM pg_constraint c
JOIN pg_class t1 ON c.conrelid = t1.oid
JOIN pg_class t2 ON c.confrelid = t2.oid
JOIN pg_attribute a1 ON a1.attnum = c.conkey[1] AND a1.attrelid = t1.oid
JOIN pg_attribute a2 ON a2.attnum = c.confkey[1] AND a2.attrelid = t2.oid
JOIN pg_namespace t3 ON c.connamespace = t3.oid
WHERE c.contype = 'f'
  AND t1.relname = 'porcelains'
  AND t3.nspname = ANY (current_schemas(false))
ORDER BY c.conname

  [1m[36mActiveRecord::SchemaMigration Load (6.2ms)[0m  [1mSELECT "schema_migrations".* FROM "schema_migrations"[0m
Migrating to AddTraitToEmperors (20160904202112)
  [1m[35m (0.2ms)[0m  BEGIN
  [1m[36m (25.6ms)[0m  [1mALTER TABLE "emperors" ADD "trait" character varying[0m
  [1m[35mSQL (0.5ms)[0m  INSERT INTO "schema_migrations" ("version") VALUES ($1)  [["version", "20160904202112"]]
  [1m[36m (12.4ms)[0m  [1mCOMMIT[0m
  [1m[35mActiveRecord::SchemaMigration Load (0.2ms)[0m  SELECT "schema_migrations".* FROM "schema_migrations"
  [1m[36m (2.6ms)[0m  [1mSELECT t2.oid::regclass::text AS to_table, a1.attname AS column, a2.attname AS primary_key, c.conname AS name, c.confupdtype AS on_update, c.confdeltype AS on_delete
FROM pg_constraint c
JOIN pg_class t1 ON c.conrelid = t1.oid
JOIN pg_class t2 ON c.confrelid = t2.oid
JOIN pg_attribute a1 ON a1.attnum = c.conkey[1] AND a1.attrelid = t1.oid
JOIN pg_attribute a2 ON a2.attnum = c.confkey[1] AND a2.attrelid = t2.oid
JOIN pg_namespace t3 ON c.connamespace = t3.oid
WHERE c.contype = 'f'
  AND t1.relname = 'emperors'
  AND t3.nspname = ANY (current_schemas(false))
ORDER BY c.conname
[0m
  [1m[35m (1.9ms)[0m  SELECT t2.oid::regclass::text AS to_table, a1.attname AS column, a2.attname AS primary_key, c.conname AS name, c.confupdtype AS on_update, c.confdeltype AS on_delete
FROM pg_constraint c
JOIN pg_class t1 ON c.conrelid = t1.oid
JOIN pg_class t2 ON c.confrelid = t2.oid
JOIN pg_attribute a1 ON a1.attnum = c.conkey[1] AND a1.attrelid = t1.oid
JOIN pg_attribute a2 ON a2.attnum = c.confkey[1] AND a2.attrelid = t2.oid
JOIN pg_namespace t3 ON c.connamespace = t3.oid
WHERE c.contype = 'f'
  AND t1.relname = 'porcelains'
  AND t3.nspname = ANY (current_schemas(false))
ORDER BY c.conname

  [1m[36mActiveRecord::SchemaMigration Load (8.2ms)[0m  [1mSELECT "schema_migrations".* FROM "schema_migrations"[0m
Migrating to RemoveTraitFromEmperor (20160904204241)
  [1m[35m (0.2ms)[0m  BEGIN
  [1m[36m (39.3ms)[0m  [1mALTER TABLE "emperors" DROP "trait"[0m
  [1m[35mSQL (0.4ms)[0m  INSERT INTO "schema_migrations" ("version") VALUES ($1)  [["version", "20160904204241"]]
  [1m[36m (18.2ms)[0m  [1mCOMMIT[0m
  [1m[35mActiveRecord::SchemaMigration Load (0.4ms)[0m  SELECT "schema_migrations".* FROM "schema_migrations"
  [1m[36m (2.6ms)[0m  [1mSELECT t2.oid::regclass::text AS to_table, a1.attname AS column, a2.attname AS primary_key, c.conname AS name, c.confupdtype AS on_update, c.confdeltype AS on_delete
FROM pg_constraint c
JOIN pg_class t1 ON c.conrelid = t1.oid
JOIN pg_class t2 ON c.confrelid = t2.oid
JOIN pg_attribute a1 ON a1.attnum = c.conkey[1] AND a1.attrelid = t1.oid
JOIN pg_attribute a2 ON a2.attnum = c.confkey[1] AND a2.attrelid = t2.oid
JOIN pg_namespace t3 ON c.connamespace = t3.oid
WHERE c.contype = 'f'
  AND t1.relname = 'emperors'
  AND t3.nspname = ANY (current_schemas(false))
ORDER BY c.conname
[0m
  [1m[35m (2.1ms)[0m  SELECT t2.oid::regclass::text AS to_table, a1.attname AS column, a2.attname AS primary_key, c.conname AS name, c.confupdtype AS on_update, c.confdeltype AS on_delete
FROM pg_constraint c
JOIN pg_class t1 ON c.conrelid = t1.oid
JOIN pg_class t2 ON c.confrelid = t2.oid
JOIN pg_attribute a1 ON a1.attnum = c.conkey[1] AND a1.attrelid = t1.oid
JOIN pg_attribute a2 ON a2.attnum = c.confkey[1] AND a2.attrelid = t2.oid
JOIN pg_namespace t3 ON c.connamespace = t3.oid
WHERE c.contype = 'f'
  AND t1.relname = 'porcelains'
  AND t3.nspname = ANY (current_schemas(false))
ORDER BY c.conname

  [1m[36mActiveRecord::SchemaMigration Load (7.2ms)[0m  [1mSELECT "schema_migrations".* FROM "schema_migrations"[0m
Migrating to CreateTraits (20160904204533)
  [1m[35m (0.2ms)[0m  BEGIN
  [1m[36m (30.3ms)[0m  [1mCREATE TABLE "traits" ("id" serial primary key, "name" character varying, "created_at" timestamp NOT NULL, "updated_at" timestamp NOT NULL) [0m
  [1m[35mSQL (0.3ms)[0m  INSERT INTO "schema_migrations" ("version") VALUES ($1)  [["version", "20160904204533"]]
  [1m[36m (18.1ms)[0m  [1mCOMMIT[0m
Migrating to AddTraitReferenceToEmperor (20160904210255)
  [1m[35m (6.0ms)[0m  BEGIN
  [1m[36m (6.3ms)[0m  [1mALTER TABLE "emperors" ADD "trait_id" integer[0m
  [1m[35m (2.1ms)[0m  CREATE  INDEX  "index_emperors_on_trait_id" ON "emperors"  ("trait_id")
  [1m[36m (42.4ms)[0m  [1mALTER TABLE "emperors" ADD CONSTRAINT "fk_rails_27cbd71965"
FOREIGN KEY ("trait_id")
  REFERENCES "traits" ("id")
[0m
  [1m[35mSQL (0.2ms)[0m  INSERT INTO "schema_migrations" ("version") VALUES ($1)  [["version", "20160904210255"]]
  [1m[36m (0.6ms)[0m  [1mCOMMIT[0m
  [1m[35mActiveRecord::SchemaMigration Load (0.2ms)[0m  SELECT "schema_migrations".* FROM "schema_migrations"
  [1m[36m (3.9ms)[0m  [1mSELECT t2.oid::regclass::text AS to_table, a1.attname AS column, a2.attname AS primary_key, c.conname AS name, c.confupdtype AS on_update, c.confdeltype AS on_delete
FROM pg_constraint c
JOIN pg_class t1 ON c.conrelid = t1.oid
JOIN pg_class t2 ON c.confrelid = t2.oid
JOIN pg_attribute a1 ON a1.attnum = c.conkey[1] AND a1.attrelid = t1.oid
JOIN pg_attribute a2 ON a2.attnum = c.confkey[1] AND a2.attrelid = t2.oid
JOIN pg_namespace t3 ON c.connamespace = t3.oid
WHERE c.contype = 'f'
  AND t1.relname = 'emperors'
  AND t3.nspname = ANY (current_schemas(false))
ORDER BY c.conname
[0m
  [1m[35m (2.3ms)[0m  SELECT t2.oid::regclass::text AS to_table, a1.attname AS column, a2.attname AS primary_key, c.conname AS name, c.confupdtype AS on_update, c.confdeltype AS on_delete
FROM pg_constraint c
JOIN pg_class t1 ON c.conrelid = t1.oid
JOIN pg_class t2 ON c.confrelid = t2.oid
JOIN pg_attribute a1 ON a1.attnum = c.conkey[1] AND a1.attrelid = t1.oid
JOIN pg_attribute a2 ON a2.attnum = c.confkey[1] AND a2.attrelid = t2.oid
JOIN pg_namespace t3 ON c.connamespace = t3.oid
WHERE c.contype = 'f'
  AND t1.relname = 'porcelains'
  AND t3.nspname = ANY (current_schemas(false))
ORDER BY c.conname

  [1m[36m (2.0ms)[0m  [1mSELECT t2.oid::regclass::text AS to_table, a1.attname AS column, a2.attname AS primary_key, c.conname AS name, c.confupdtype AS on_update, c.confdeltype AS on_delete
FROM pg_constraint c
JOIN pg_class t1 ON c.conrelid = t1.oid
JOIN pg_class t2 ON c.confrelid = t2.oid
JOIN pg_attribute a1 ON a1.attnum = c.conkey[1] AND a1.attrelid = t1.oid
JOIN pg_attribute a2 ON a2.attnum = c.confkey[1] AND a2.attrelid = t2.oid
JOIN pg_namespace t3 ON c.connamespace = t3.oid
WHERE c.contype = 'f'
  AND t1.relname = 'traits'
  AND t3.nspname = ANY (current_schemas(false))
ORDER BY c.conname
[0m
  [1m[36mPorcelain Load (2.1ms)[0m  [1mSELECT "porcelains".* FROM "porcelains"[0m
  [1m[35m (0.2ms)[0m  BEGIN
  [1m[36mSQL (13.1ms)[0m  [1mINSERT INTO "emperors" ("created_at", "updated_at") VALUES ($1, $2) RETURNING "id"[0m  [["created_at", "2016-09-04 21:17:47.928252"], ["updated_at", "2016-09-04 21:17:47.928252"]]
  [1m[35m (6.7ms)[0m  COMMIT
  [1m[36m (0.2ms)[0m  [1mBEGIN[0m
  [1m[35mSQL (0.3ms)[0m  INSERT INTO "emperors" ("name", "created_at", "updated_at") VALUES ($1, $2, $3) RETURNING "id"  [["name", "Hongwu"], ["created_at", "2016-09-04 21:18:30.770525"], ["updated_at", "2016-09-04 21:18:30.770525"]]
  [1m[36m (8.7ms)[0m  [1mCOMMIT[0m
  [1m[35mEmperor Load (1.3ms)[0m  SELECT  "emperors".* FROM "emperors"  ORDER BY "emperors"."id" DESC LIMIT 1
  [1m[36m (0.1ms)[0m  [1mBEGIN[0m
  [1m[35mSQL (0.5ms)[0m  INSERT INTO "traits" ("created_at", "updated_at") VALUES ($1, $2) RETURNING "id"  [["created_at", "2016-09-04 21:21:19.699503"], ["updated_at", "2016-09-04 21:21:19.699503"]]
  [1m[36m (5.9ms)[0m  [1mCOMMIT[0m
  [1m[35m (2.6ms)[0m  BEGIN
  [1m[36mSQL (0.4ms)[0m  [1mINSERT INTO "traits" ("name", "created_at", "updated_at") VALUES ($1, $2, $3) RETURNING "id"[0m  [["name", "bend"], ["created_at", "2016-09-04 21:22:08.335918"], ["updated_at", "2016-09-04 21:22:08.335918"]]
  [1m[35m (8.3ms)[0m  COMMIT
  [1m[36mEmperor Load (3.6ms)[0m  [1mSELECT  "emperors".* FROM "emperors"  ORDER BY "emperors"."id" DESC LIMIT 1[0m
  [1m[35mEmperor Load (3.4ms)[0m  SELECT  "emperors".* FROM "emperors"  ORDER BY "emperors"."id" DESC LIMIT 1
  [1m[36mEmperor Load (3.4ms)[0m  [1mSELECT  "emperors".* FROM "emperors"  ORDER BY "emperors"."id" DESC LIMIT 1[0m
  [1m[35mTrait Load (0.4ms)[0m  SELECT  "traits".* FROM "traits"  ORDER BY "traits"."id" DESC LIMIT 1
  [1m[36mTrait Load (3.4ms)[0m  [1mSELECT  "traits".* FROM "traits"  ORDER BY "traits"."id" DESC LIMIT 1[0m
  [1m[35mEmperor Load (2.2ms)[0m  SELECT  "emperors".* FROM "emperors"  ORDER BY "emperors"."id" DESC LIMIT 1
  [1m[36mActiveRecord::SchemaMigration Load (0.4ms)[0m  [1mSELECT "schema_migrations".* FROM "schema_migrations"[0m
Migrating to AddEmperorReferenceToTrait (20160904215108)
  [1m[35m (0.2ms)[0m  BEGIN
  [1m[36m (1.1ms)[0m  [1mALTER TABLE "traits" ADD "emperor_id" integer[0m
  [1m[35m (9.5ms)[0m  CREATE  INDEX  "index_traits_on_emperor_id" ON "traits"  ("emperor_id")
  [1m[36m (9.5ms)[0m  [1mALTER TABLE "traits" ADD CONSTRAINT "fk_rails_da9f8109ee"
FOREIGN KEY ("emperor_id")
  REFERENCES "emperors" ("id")
[0m
  [1m[35mSQL (6.9ms)[0m  INSERT INTO "schema_migrations" ("version") VALUES ($1)  [["version", "20160904215108"]]
  [1m[36m (11.5ms)[0m  [1mCOMMIT[0m
  [1m[35mActiveRecord::SchemaMigration Load (0.3ms)[0m  SELECT "schema_migrations".* FROM "schema_migrations"
  [1m[36m (2.5ms)[0m  [1mSELECT t2.oid::regclass::text AS to_table, a1.attname AS column, a2.attname AS primary_key, c.conname AS name, c.confupdtype AS on_update, c.confdeltype AS on_delete
FROM pg_constraint c
JOIN pg_class t1 ON c.conrelid = t1.oid
JOIN pg_class t2 ON c.confrelid = t2.oid
JOIN pg_attribute a1 ON a1.attnum = c.conkey[1] AND a1.attrelid = t1.oid
JOIN pg_attribute a2 ON a2.attnum = c.confkey[1] AND a2.attrelid = t2.oid
JOIN pg_namespace t3 ON c.connamespace = t3.oid
WHERE c.contype = 'f'
  AND t1.relname = 'emperors'
  AND t3.nspname = ANY (current_schemas(false))
ORDER BY c.conname
[0m
  [1m[35m (2.2ms)[0m  SELECT t2.oid::regclass::text AS to_table, a1.attname AS column, a2.attname AS primary_key, c.conname AS name, c.confupdtype AS on_update, c.confdeltype AS on_delete
FROM pg_constraint c
JOIN pg_class t1 ON c.conrelid = t1.oid
JOIN pg_class t2 ON c.confrelid = t2.oid
JOIN pg_attribute a1 ON a1.attnum = c.conkey[1] AND a1.attrelid = t1.oid
JOIN pg_attribute a2 ON a2.attnum = c.confkey[1] AND a2.attrelid = t2.oid
JOIN pg_namespace t3 ON c.connamespace = t3.oid
WHERE c.contype = 'f'
  AND t1.relname = 'porcelains'
  AND t3.nspname = ANY (current_schemas(false))
ORDER BY c.conname

  [1m[36m (3.0ms)[0m  [1mSELECT t2.oid::regclass::text AS to_table, a1.attname AS column, a2.attname AS primary_key, c.conname AS name, c.confupdtype AS on_update, c.confdeltype AS on_delete
FROM pg_constraint c
JOIN pg_class t1 ON c.conrelid = t1.oid
JOIN pg_class t2 ON c.confrelid = t2.oid
JOIN pg_attribute a1 ON a1.attnum = c.conkey[1] AND a1.attrelid = t1.oid
JOIN pg_attribute a2 ON a2.attnum = c.confkey[1] AND a2.attrelid = t2.oid
JOIN pg_namespace t3 ON c.connamespace = t3.oid
WHERE c.contype = 'f'
  AND t1.relname = 'traits'
  AND t3.nspname = ANY (current_schemas(false))
ORDER BY c.conname
[0m
  [1m[36mEmperor Load (1.3ms)[0m  [1mSELECT  "emperors".* FROM "emperors"  ORDER BY "emperors"."id" DESC LIMIT 1[0m
  [1m[35mTrait Load (0.9ms)[0m  SELECT  "traits".* FROM "traits"  ORDER BY "traits"."id" DESC LIMIT 1
  [1m[36mEmperor Load (0.7ms)[0m  [1mSELECT  "emperors".* FROM "emperors"  ORDER BY "emperors"."id" DESC LIMIT 1[0m
  [1m[35mTrait Load (0.3ms)[0m  SELECT "traits".* FROM "traits" WHERE "traits"."emperor_id" = $1  [["emperor_id", 2]]
  [1m[36mTrait Load (3.4ms)[0m  [1mSELECT  "traits".* FROM "traits"  ORDER BY "traits"."id" DESC LIMIT 1[0m
  [1m[35mTrait Load (2.6ms)[0m  SELECT  "traits".* FROM "traits"  ORDER BY "traits"."id" DESC LIMIT 1
  [1m[36mTrait Load (1.1ms)[0m  [1mSELECT  "traits".* FROM "traits"  ORDER BY "traits"."id" DESC LIMIT 1[0m
  [1m[35m (0.2ms)[0m  BEGIN
  [1m[36mSQL (2.1ms)[0m  [1mUPDATE "traits" SET "emperor_id" = $1, "updated_at" = $2 WHERE "traits"."id" = $3[0m  [["emperor_id", 2], ["updated_at", "2016-09-04 22:01:46.720504"], ["id", 2]]
  [1m[35m (1.1ms)[0m  COMMIT
  [1m[36mActiveRecord::SchemaMigration Load (17.0ms)[0m  [1mSELECT "schema_migrations".* FROM "schema_migrations"[0m
  [1m[35m (5.9ms)[0m  BEGIN
  [1m[36mSQL (41.6ms)[0m  [1mINSERT INTO "emperors" ("name", "year", "dynasty", "created_at", "updated_at") VALUES ($1, $2, $3, $4, $5) RETURNING "id"[0m  [["name", "Hongwu (洪武)"], ["year", "1368-1399"], ["dynasty", "Ming"], ["created_at", "2016-09-04 22:19:33.795412"], ["updated_at", "2016-09-04 22:19:33.795412"]]
  [1m[35m (12.1ms)[0m  COMMIT
  [1m[36m (0.1ms)[0m  [1mBEGIN[0m
  [1m[35mSQL (0.4ms)[0m  INSERT INTO "traits" ("name", "created_at", "updated_at") VALUES ($1, $2, $3) RETURNING "id"  [["name", "Wo Lun Di (Thumb Fits Snugly)"], ["created_at", "2016-09-04 22:19:33.873832"], ["updated_at", "2016-09-04 22:19:33.873832"]]
  [1m[36m (6.4ms)[0m  [1mCOMMIT[0m
  [1m[35m (0.2ms)[0m  BEGIN
  [1m[36mSQL (7.4ms)[0m  [1mUPDATE "traits" SET "emperor_id" = $1, "updated_at" = $2 WHERE "traits"."id" = $3[0m  [["emperor_id", 3], ["updated_at", "2016-09-04 22:19:33.908111"], ["id", 3]]
  [1m[35m (6.5ms)[0m  COMMIT
  [1m[36mEmperor Load (0.9ms)[0m  [1mSELECT  "emperors".* FROM "emperors"  ORDER BY "emperors"."id" ASC LIMIT 1[0m
  [1m[35mEmperor Load (0.9ms)[0m  SELECT "emperors".* FROM "emperors"
  [1m[36m (138.1ms)[0m  [1mDROP DATABASE IF EXISTS "antiques_development"[0m
  [1m[35m (162.5ms)[0m  DROP DATABASE IF EXISTS "antiques_test"
  [1m[36m (578.2ms)[0m  [1mCREATE DATABASE "antiques_development" ENCODING = 'unicode'[0m
  [1m[35m (291.4ms)[0m  CREATE DATABASE "antiques_test" ENCODING = 'unicode'
  [1m[36mSQL (0.8ms)[0m  [1mCREATE EXTENSION IF NOT EXISTS "plpgsql"[0m
  [1m[35m (34.3ms)[0m  CREATE TABLE "emperors" ("id" serial primary key, "name" character varying, "dynasty" character varying, "year" character varying, "created_at" timestamp NOT NULL, "updated_at" timestamp NOT NULL, "trait_id" integer) 
  [1m[36m (1.4ms)[0m  [1mCREATE  INDEX  "index_emperors_on_trait_id" ON "emperors" USING btree ("trait_id")[0m
  [1m[35m (4.4ms)[0m  CREATE TABLE "porcelains" ("id" serial primary key, "design" character varying, "foot_ring" character varying, "foot_bottom" character varying, "shape" character varying, "mouth" character varying, "glaze" character varying, "p_style" character varying, "created_at" timestamp NOT NULL, "updated_at" timestamp NOT NULL) 
  [1m[36m (3.3ms)[0m  [1mCREATE TABLE "traits" ("id" serial primary key, "name" character varying, "created_at" timestamp NOT NULL, "updated_at" timestamp NOT NULL, "emperor_id" integer) [0m
  [1m[35m (2.8ms)[0m  CREATE  INDEX  "index_traits_on_emperor_id" ON "traits" USING btree ("emperor_id")
  [1m[36m (3.5ms)[0m  [1mALTER TABLE "emperors" ADD CONSTRAINT "fk_rails_27cbd71965"
FOREIGN KEY ("trait_id")
  REFERENCES "traits" ("id")
[0m
  [1m[35m (2.3ms)[0m  ALTER TABLE "traits" ADD CONSTRAINT "fk_rails_da9f8109ee"
FOREIGN KEY ("emperor_id")
  REFERENCES "emperors" ("id")

  [1m[36m (18.8ms)[0m  [1mCREATE TABLE "schema_migrations" ("version" character varying NOT NULL) [0m
  [1m[35m (1.7ms)[0m  CREATE UNIQUE INDEX  "unique_schema_migrations" ON "schema_migrations"  ("version")
  [1m[36m (0.5ms)[0m  [1mSELECT version FROM "schema_migrations"[0m
  [1m[35m (0.7ms)[0m  INSERT INTO "schema_migrations" (version) VALUES ('20160904215108')
  [1m[36m (0.8ms)[0m  [1mINSERT INTO "schema_migrations" (version) VALUES ('20160904194713')[0m
  [1m[35m (0.5ms)[0m  INSERT INTO "schema_migrations" (version) VALUES ('20160904195719')
  [1m[36m (0.5ms)[0m  [1mINSERT INTO "schema_migrations" (version) VALUES ('20160904202112')[0m
  [1m[35m (0.5ms)[0m  INSERT INTO "schema_migrations" (version) VALUES ('20160904204241')
  [1m[36m (0.8ms)[0m  [1mINSERT INTO "schema_migrations" (version) VALUES ('20160904204533')[0m
  [1m[35m (0.6ms)[0m  INSERT INTO "schema_migrations" (version) VALUES ('20160904210255')
  [1m[36mSQL (0.3ms)[0m  [1mCREATE EXTENSION IF NOT EXISTS "plpgsql"[0m
  [1m[35m (6.1ms)[0m  CREATE TABLE "emperors" ("id" serial primary key, "name" character varying, "dynasty" character varying, "year" character varying, "created_at" timestamp NOT NULL, "updated_at" timestamp NOT NULL, "trait_id" integer) 
  [1m[36m (1.3ms)[0m  [1mCREATE  INDEX  "index_emperors_on_trait_id" ON "emperors" USING btree ("trait_id")[0m
  [1m[35m (5.3ms)[0m  CREATE TABLE "porcelains" ("id" serial primary key, "design" character varying, "foot_ring" character varying, "foot_bottom" character varying, "shape" character varying, "mouth" character varying, "glaze" character varying, "p_style" character varying, "created_at" timestamp NOT NULL, "updated_at" timestamp NOT NULL) 
  [1m[36m (5.6ms)[0m  [1mCREATE TABLE "traits" ("id" serial primary key, "name" character varying, "created_at" timestamp NOT NULL, "updated_at" timestamp NOT NULL, "emperor_id" integer) [0m
  [1m[35m (1.1ms)[0m  CREATE  INDEX  "index_traits_on_emperor_id" ON "traits" USING btree ("emperor_id")
  [1m[36m (2.1ms)[0m  [1mALTER TABLE "emperors" ADD CONSTRAINT "fk_rails_27cbd71965"
FOREIGN KEY ("trait_id")
  REFERENCES "traits" ("id")
[0m
  [1m[35m (1.3ms)[0m  ALTER TABLE "traits" ADD CONSTRAINT "fk_rails_da9f8109ee"
FOREIGN KEY ("emperor_id")
  REFERENCES "emperors" ("id")

  [1m[36m (2.1ms)[0m  [1mCREATE TABLE "schema_migrations" ("version" character varying NOT NULL) [0m
  [1m[35m (2.0ms)[0m  CREATE UNIQUE INDEX  "unique_schema_migrations" ON "schema_migrations"  ("version")
  [1m[36m (0.5ms)[0m  [1mSELECT version FROM "schema_migrations"[0m
  [1m[35m (0.6ms)[0m  INSERT INTO "schema_migrations" (version) VALUES ('20160904215108')
  [1m[36m (0.4ms)[0m  [1mINSERT INTO "schema_migrations" (version) VALUES ('20160904194713')[0m
  [1m[35m (0.3ms)[0m  INSERT INTO "schema_migrations" (version) VALUES ('20160904195719')
  [1m[36m (0.3ms)[0m  [1mINSERT INTO "schema_migrations" (version) VALUES ('20160904202112')[0m
  [1m[35m (0.3ms)[0m  INSERT INTO "schema_migrations" (version) VALUES ('20160904204241')
  [1m[36m (0.3ms)[0m  [1mINSERT INTO "schema_migrations" (version) VALUES ('20160904204533')[0m
  [1m[35m (0.4ms)[0m  INSERT INTO "schema_migrations" (version) VALUES ('20160904210255')
  [1m[36mActiveRecord::SchemaMigration Load (0.5ms)[0m  [1mSELECT "schema_migrations".* FROM "schema_migrations"[0m
  [1m[35m (0.2ms)[0m  BEGIN
  [1m[36mSQL (1.2ms)[0m  [1mINSERT INTO "emperors" ("name", "year", "dynasty", "created_at", "updated_at") VALUES ($1, $2, $3, $4, $5) RETURNING "id"[0m  [["name", "Hongwu (洪武)"], ["year", "1368-1399"], ["dynasty", "Ming"], ["created_at", "2016-09-04 22:21:38.204584"], ["updated_at", "2016-09-04 22:21:38.204584"]]
  [1m[35m (6.9ms)[0m  COMMIT
  [1m[36m (0.1ms)[0m  [1mBEGIN[0m
  [1m[35mSQL (0.7ms)[0m  INSERT INTO "traits" ("name", "created_at", "updated_at") VALUES ($1, $2, $3) RETURNING "id"  [["name", "Wo Lun Di (Thumb Fits Snugly)"], ["created_at", "2016-09-04 22:21:38.234959"], ["updated_at", "2016-09-04 22:21:38.234959"]]
  [1m[36m (6.3ms)[0m  [1mCOMMIT[0m
  [1m[35m (0.2ms)[0m  BEGIN
  [1m[36mSQL (0.8ms)[0m  [1mUPDATE "traits" SET "emperor_id" = $1, "updated_at" = $2 WHERE "traits"."id" = $3[0m  [["emperor_id", 1], ["updated_at", "2016-09-04 22:21:38.272556"], ["id", 1]]
  [1m[35m (6.3ms)[0m  COMMIT
  [1m[36mEmperor Load (0.7ms)[0m  [1mSELECT "emperors".* FROM "emperors"[0m
  [1m[35mEmperor Load (0.9ms)[0m  SELECT  "emperors".* FROM "emperors"  ORDER BY "emperors"."id" ASC LIMIT 1
  [1m[36mTrait Load (1.3ms)[0m  [1mSELECT "traits".* FROM "traits" WHERE "traits"."emperor_id" = $1[0m  [["emperor_id", 1]]
